<?xml version="1.0" encoding="UTF-8"?>
<!-- Generated by org.testng.reporters.JUnitReportReporter -->
<testsuite hostname="DESKTOP-A28BAJQ" name="myntra.runners.RunnerClass" tests="4" failures="0" timestamp="25 Jan 2020 00:01:40 GMT" time="187.542" errors="0">
  <testcase name="feature" time="62.623" classname="myntra.runners.RunnerClass"/>
  <testcase name="feature" time="20.682" classname="myntra.runners.RunnerClass"/>
  <testcase name="feature" time="68.197" classname="myntra.runners.RunnerClass"/>
  <testcase name="feature" time="36.040" classname="myntra.runners.RunnerClass"/>
</testsuite> <!-- myntra.runners.RunnerClass -->
